<?xml version="1.0" encoding="UTF-8"?>
<testsuite xmlns:xsi="http://www.w3.org/2001/XMLSchema-instance" xsi:noNamespaceSchemaLocation="https://maven.apache.org/surefire/maven-surefire-plugin/xsd/surefire-test-report.xsd" name="org.eclipse.leshan.integration.tests.BootstrapTest" time="4.238" tests="8" errors="0" skipped="0" failures="0">
  <properties>
    <property name="awt.toolkit" value="sun.awt.X11.XToolkit"/>
    <property name="java.specification.version" value="11"/>
    <property name="sun.cpu.isalist" value=""/>
    <property name="sun.jnu.encoding" value="UTF-8"/>
    <property name="java.class.path" value="/home/sk8er71091/leshan/leshan-integration-tests/target/test-classes:/home/sk8er71091/leshan/leshan-integration-tests/target/classes:/home/sk8er71091/leshan/leshan-server-cf/target/leshan-server-cf-1.0.0-SNAPSHOT.jar:/home/sk8er71091/leshan/leshan-core-cf/target/leshan-core-cf-1.0.0-SNAPSHOT.jar:/home/sk8er71091/leshan/leshan-core/target/leshan-core-1.0.0-SNAPSHOT.jar:/home/sk8er71091/leshan/leshan-server-core/target/leshan-server-core-1.0.0-SNAPSHOT.jar:/home/sk8er71091/.m2/repository/org/eclipse/californium/californium-core/2.0.0/californium-core-2.0.0.jar:/home/sk8er71091/.m2/repository/org/eclipse/californium/scandium/2.0.0/scandium-2.0.0.jar:/home/sk8er71091/leshan/leshan-server-redis/target/leshan-server-redis-1.0.0-SNAPSHOT.jar:/home/sk8er71091/.m2/repository/redis/clients/jedis/2.8.0/jedis-2.8.0.jar:/home/sk8er71091/.m2/repository/org/apache/commons/commons-pool2/2.3/commons-pool2-2.3.jar:/home/sk8er71091/.m2/repository/com/eclipsesource/minimal-json/minimal-json/0.9.5/minimal-json-0.9.5.jar:/home/sk8er71091/leshan/leshan-client-cf/target/leshan-client-cf-1.0.0-SNAPSHOT.jar:/home/sk8er71091/leshan/leshan-client-core/target/leshan-client-core-1.0.0-SNAPSHOT.jar:/home/sk8er71091/.m2/repository/junit/junit/4.12/junit-4.12.jar:/home/sk8er71091/.m2/repository/org/hamcrest/hamcrest-core/1.3/hamcrest-core-1.3.jar:/home/sk8er71091/.m2/repository/ch/qos/logback/logback-classic/1.2.3/logback-classic-1.2.3.jar:/home/sk8er71091/.m2/repository/ch/qos/logback/logback-core/1.2.3/logback-core-1.2.3.jar:/home/sk8er71091/.m2/repository/org/slf4j/slf4j-api/1.7.25/slf4j-api-1.7.25.jar:/home/sk8er71091/.m2/repository/org/eclipse/californium/californium-core/2.0.0/californium-core-2.0.0-tests.jar:/home/sk8er71091/.m2/repository/org/eclipse/californium/element-connector/2.0.0/element-connector-2.0.0.jar:/home/sk8er71091/.m2/repository/org/eclipse/californium/element-connector/2.0.0/element-connector-2.0.0-tests.jar:"/>
    <property name="java.vm.vendor" value="Private Build"/>
    <property name="sun.arch.data.model" value="64"/>
    <property name="java.vendor.url" value="Unknown"/>
    <property name="user.timezone" value="Etc/UTC"/>
    <property name="java.vm.specification.version" value="11"/>
    <property name="os.name" value="Linux"/>
    <property name="sun.java.launcher" value="SUN_STANDARD"/>
    <property name="sun.boot.library.path" value="/usr/lib/jvm/java-11-openjdk-amd64/lib"/>
    <property name="sun.java.command" value="/home/sk8er71091/leshan/leshan-integration-tests/target/surefire/surefirebooter3033783538462589088.jar /home/sk8er71091/leshan/leshan-integration-tests/target/surefire 2020-01-23T18-09-35_543-jvmRun1 surefire14785987098611125233tmp surefire_017258704990207691022tmp"/>
    <property name="jdk.debug" value="release"/>
    <property name="surefire.test.class.path" value="/home/sk8er71091/leshan/leshan-integration-tests/target/test-classes:/home/sk8er71091/leshan/leshan-integration-tests/target/classes:/home/sk8er71091/leshan/leshan-server-cf/target/leshan-server-cf-1.0.0-SNAPSHOT.jar:/home/sk8er71091/leshan/leshan-core-cf/target/leshan-core-cf-1.0.0-SNAPSHOT.jar:/home/sk8er71091/leshan/leshan-core/target/leshan-core-1.0.0-SNAPSHOT.jar:/home/sk8er71091/leshan/leshan-server-core/target/leshan-server-core-1.0.0-SNAPSHOT.jar:/home/sk8er71091/.m2/repository/org/eclipse/californium/californium-core/2.0.0/californium-core-2.0.0.jar:/home/sk8er71091/.m2/repository/org/eclipse/californium/scandium/2.0.0/scandium-2.0.0.jar:/home/sk8er71091/leshan/leshan-server-redis/target/leshan-server-redis-1.0.0-SNAPSHOT.jar:/home/sk8er71091/.m2/repository/redis/clients/jedis/2.8.0/jedis-2.8.0.jar:/home/sk8er71091/.m2/repository/org/apache/commons/commons-pool2/2.3/commons-pool2-2.3.jar:/home/sk8er71091/.m2/repository/com/eclipsesource/minimal-json/minimal-json/0.9.5/minimal-json-0.9.5.jar:/home/sk8er71091/leshan/leshan-client-cf/target/leshan-client-cf-1.0.0-SNAPSHOT.jar:/home/sk8er71091/leshan/leshan-client-core/target/leshan-client-core-1.0.0-SNAPSHOT.jar:/home/sk8er71091/.m2/repository/junit/junit/4.12/junit-4.12.jar:/home/sk8er71091/.m2/repository/org/hamcrest/hamcrest-core/1.3/hamcrest-core-1.3.jar:/home/sk8er71091/.m2/repository/ch/qos/logback/logback-classic/1.2.3/logback-classic-1.2.3.jar:/home/sk8er71091/.m2/repository/ch/qos/logback/logback-core/1.2.3/logback-core-1.2.3.jar:/home/sk8er71091/.m2/repository/org/slf4j/slf4j-api/1.7.25/slf4j-api-1.7.25.jar:/home/sk8er71091/.m2/repository/org/eclipse/californium/californium-core/2.0.0/californium-core-2.0.0-tests.jar:/home/sk8er71091/.m2/repository/org/eclipse/californium/element-connector/2.0.0/element-connector-2.0.0.jar:/home/sk8er71091/.m2/repository/org/eclipse/californium/element-connector/2.0.0/element-connector-2.0.0-tests.jar:"/>
    <property name="sun.cpu.endian" value="little"/>
    <property name="user.home" value="/home/sk8er71091"/>
    <property name="user.language" value="en"/>
    <property name="java.specification.vendor" value="Oracle Corporation"/>
    <property name="java.version.date" value="2019-10-15"/>
    <property name="java.home" value="/usr/lib/jvm/java-11-openjdk-amd64"/>
    <property name="file.separator" value="/"/>
    <property name="basedir" value="/home/sk8er71091/leshan/leshan-integration-tests"/>
    <property name="java.vm.compressedOopsMode" value="32-bit"/>
    <property name="line.separator" value="&#10;"/>
    <property name="java.specification.name" value="Java Platform API Specification"/>
    <property name="java.vm.specification.vendor" value="Oracle Corporation"/>
    <property name="java.awt.graphicsenv" value="sun.awt.X11GraphicsEnvironment"/>
    <property name="logback.configurationFile" value="logback-leshan-test.xml"/>
    <property name="surefire.real.class.path" value="/home/sk8er71091/leshan/leshan-integration-tests/target/surefire/surefirebooter3033783538462589088.jar"/>
    <property name="sun.management.compiler" value="HotSpot 64-Bit Tiered Compilers"/>
    <property name="java.runtime.version" value="11.0.5+10-post-Ubuntu-0ubuntu1.118.04"/>
    <property name="user.name" value="sk8er71091"/>
    <property name="path.separator" value=":"/>
    <property name="os.version" value="4.15.0-52-generic"/>
    <property name="java.runtime.name" value="OpenJDK Runtime Environment"/>
    <property name="file.encoding" value="UTF-8"/>
    <property name="java.vm.name" value="OpenJDK 64-Bit Server VM"/>
    <property name="localRepository" value="/home/sk8er71091/.m2/repository"/>
    <property name="java.vendor.url.bug" value="Unknown"/>
    <property name="java.io.tmpdir" value="/tmp"/>
    <property name="java.version" value="11.0.5"/>
    <property name="user.dir" value="/home/sk8er71091/leshan/leshan-integration-tests"/>
    <property name="os.arch" value="amd64"/>
    <property name="java.vm.specification.name" value="Java Virtual Machine Specification"/>
    <property name="java.awt.printerjob" value="sun.print.PSPrinterJob"/>
    <property name="sun.os.patch.level" value="unknown"/>
    <property name="java.library.path" value="/usr/java/packages/lib:/usr/lib/x86_64-linux-gnu/jni:/lib/x86_64-linux-gnu:/usr/lib/x86_64-linux-gnu:/usr/lib/jni:/lib:/usr/lib"/>
    <property name="java.vendor" value="Private Build"/>
    <property name="java.vm.info" value="mixed mode, sharing"/>
    <property name="java.vm.version" value="11.0.5+10-post-Ubuntu-0ubuntu1.118.04"/>
    <property name="sun.io.unicode.encoding" value="UnicodeLittle"/>
    <property name="java.class.version" value="55.0"/>
  </properties>
  <testcase name="bootstrap" classname="org.eclipse.leshan.integration.tests.BootstrapTest" time="0.502"/>
  <testcase name="bootstrapToRPKServer" classname="org.eclipse.leshan.integration.tests.BootstrapTest" time="0.798"/>
  <testcase name="bootstrapDeleteSecurity" classname="org.eclipse.leshan.integration.tests.BootstrapTest" time="0.173"/>
  <testcase name="bootstrapToPSKServer" classname="org.eclipse.leshan.integration.tests.BootstrapTest" time="0.763"/>
  <testcase name="bootstrapSecureWithBadPSKKey" classname="org.eclipse.leshan.integration.tests.BootstrapTest" time="1.261"/>
  <testcase name="bootstrapSecureWithPSK" classname="org.eclipse.leshan.integration.tests.BootstrapTest" time="0.309"/>
  <testcase name="bootstrapSecureWithRPK" classname="org.eclipse.leshan.integration.tests.BootstrapTest" time="0.272"/>
  <testcase name="bootstrapWithAcl" classname="org.eclipse.leshan.integration.tests.BootstrapTest" time="0.148"/>
</testsuite>